2020-06-08 15:07:57,428 - Starting PayApplication on Samphanie with PID 6984 (E:\mosidian\pay\target\classes started by ZSY in E:\mosidian)
2020-06-08 15:07:57,432 - No active profile set, falling back to default profiles: default
2020-06-08 15:08:01,755 - Tomcat initialized with port(s): 8080 (http)
2020-06-08 15:08:01,785 - Initializing ProtocolHandler ["http-nio-8080"]
2020-06-08 15:08:01,786 - Starting service [Tomcat]
2020-06-08 15:08:01,786 - Starting Servlet engine: [Apache Tomcat/9.0.31]
2020-06-08 15:08:02,035 - Initializing Spring embedded WebApplicationContext
2020-06-08 15:08:02,035 - Root WebApplicationContext: initialization completed in 4305 ms
2020-06-08 15:08:08,514 - Initializing ExecutorService 'applicationTaskExecutor'
2020-06-08 15:08:09,149 - Starting ProtocolHandler ["http-nio-8080"]
2020-06-08 15:08:09,164 - Pausing ProtocolHandler ["http-nio-8080"]
2020-06-08 15:08:09,165 - Stopping service [Tomcat]
2020-06-08 15:08:09,170 - Stopping ProtocolHandler ["http-nio-8080"]
2020-06-08 15:08:09,171 - Destroying ProtocolHandler ["http-nio-8080"]
2020-06-08 15:08:09,174 - 

Error starting ApplicationContext. To display the conditions report re-run your application with 'debug' enabled.
2020-06-08 15:08:09,213 - Shutting down ExecutorService 'applicationTaskExecutor'
2020-06-08 15:10:08,196 - Starting PayApplication on Samphanie with PID 9424 (E:\mosidian\pay\target\classes started by ZSY in E:\mosidian)
2020-06-08 15:10:08,200 - No active profile set, falling back to default profiles: default
2020-06-08 15:10:09,556 - Tomcat initialized with port(s): 8082 (http)
2020-06-08 15:10:09,564 - Initializing ProtocolHandler ["http-nio-8082"]
2020-06-08 15:10:09,565 - Starting service [Tomcat]
2020-06-08 15:10:09,565 - Starting Servlet engine: [Apache Tomcat/9.0.31]
2020-06-08 15:10:09,715 - Initializing Spring embedded WebApplicationContext
2020-06-08 15:10:09,715 - Root WebApplicationContext: initialization completed in 1396 ms
2020-06-08 15:10:14,724 - Initializing ExecutorService 'applicationTaskExecutor'
2020-06-08 15:10:15,213 - Starting ProtocolHandler ["http-nio-8082"]
2020-06-08 15:10:15,278 - Tomcat started on port(s): 8082 (http) with context path ''
2020-06-08 15:10:15,282 - Started PayApplication in 7.718 seconds (JVM running for 10.318)
